2025-06-15 09:34:52,965 [Worker-1: Loading available Gradle versions] INFO  o.e.b.c.i.u.g.PublishedGradleVersions - Gradle version information cache is not available. Remote download required.
2025-06-15 09:35:26,034 [Worker-33: Building] INFO  o.e.m.c.i.l.LifecycleMappingFactory - Using org.maven.ide.eclipse.wtp.WarLifecycleMapping lifecycle mapping for MavenProject: com.example:asm:1.0-SNAPSHOT @ C:\Users\admin\eclipse-workspace\Java3_ASM_Nhom3\pom.xml.
2025-06-15 09:35:27,453 [Worker-33: Building] INFO  o.a.m.s.f.DefaultMavenResourcesFiltering - skip non existing resourceDirectory C:\Users\admin\eclipse-workspace\Java3_ASM_Nhom3\src\main\resources
2025-06-15 09:35:27,460 [Worker-33: Building] INFO  o.a.m.s.f.DefaultMavenResourcesFiltering - skip non existing resourceDirectory C:\Users\admin\eclipse-workspace\Java3_ASM_Nhom3\src\test\resources
2025-06-15 09:35:55,365 [Worker-13: Cleaning all projects] INFO  o.e.m.w.i.f.ResourceFilteringBuildParticipant - Cleaning filtered folder for Java3_ASM_Nhom3
2025-06-15 09:35:55,738 [Worker-9: Building] INFO  o.a.m.s.f.DefaultMavenResourcesFiltering - skip non existing resourceDirectory C:\Users\admin\eclipse-workspace\Java3_ASM_Nhom3\src\main\resources
2025-06-15 09:35:55,740 [Worker-9: Building] INFO  o.a.m.s.f.DefaultMavenResourcesFiltering - skip non existing resourceDirectory C:\Users\admin\eclipse-workspace\Java3_ASM_Nhom3\src\test\resources
2025-06-15 09:35:55,741 [Worker-9: Building] INFO  o.e.m.w.i.f.ResourceFilteringBuildParticipant - Changed resources require a complete clean of filtered resources of Java3_ASM_Nhom3
2025-06-15 09:35:55,741 [Worker-9: Building] INFO  o.e.m.w.i.f.ResourceFilteringBuildParticipant - Executing resource filtering for Java3_ASM_Nhom3
2025-06-15 09:36:00,840 [Worker-31: Updating Maven Project] INFO  o.e.m.c.i.p.ProjectConfigurationManager - Update started
2025-06-15 09:36:01,116 [Worker-31: Updating Maven Project] INFO  o.e.m.c.i.l.LifecycleMappingFactory - Using org.maven.ide.eclipse.wtp.WarLifecycleMapping lifecycle mapping for MavenProject: com.example:asm:1.0-SNAPSHOT @ C:\Users\admin\eclipse-workspace\Java3_ASM_Nhom3\pom.xml.
2025-06-15 09:36:01,835 [Worker-31: Updating Maven Project] INFO  o.e.m.j.i.AbstractJavaProjectConfigurator - Adding source folder /Java3_ASM_Nhom3/src/main/java
2025-06-15 09:36:01,837 [Worker-31: Updating Maven Project] INFO  o.e.m.j.i.AbstractJavaProjectConfigurator - Adding resource folder /Java3_ASM_Nhom3/src/main/resources
2025-06-15 09:36:01,838 [Worker-31: Updating Maven Project] INFO  o.e.m.j.i.AbstractJavaProjectConfigurator - Adding source folder /Java3_ASM_Nhom3/src/test/java
2025-06-15 09:36:01,839 [Worker-31: Updating Maven Project] INFO  o.e.m.j.i.AbstractJavaProjectConfigurator - Adding resource folder /Java3_ASM_Nhom3/src/test/resources
2025-06-15 09:36:02,119 [Worker-31: Updating Maven Project] INFO  o.e.m.w.i.f.ResourceFilteringBuildParticipant - Cleaning filtered folder for Java3_ASM_Nhom3
2025-06-15 09:36:02,140 [Worker-31: Updating Maven Project] INFO  o.e.m.c.i.p.ProjectConfigurationManager - Update completed for 1 poms: local refresh takes 0.00 sec, refresh facades takes 0.00 sec, update config takes 0.00 sec 
2025-06-15 09:36:02,470 [Worker-16: Building] INFO  o.a.m.s.f.DefaultMavenResourcesFiltering - skip non existing resourceDirectory C:\Users\admin\eclipse-workspace\Java3_ASM_Nhom3\src\main\resources
2025-06-15 09:36:02,478 [Worker-16: Building] INFO  o.a.m.s.f.DefaultMavenResourcesFiltering - skip non existing resourceDirectory C:\Users\admin\eclipse-workspace\Java3_ASM_Nhom3\src\test\resources
2025-06-15 09:36:02,479 [Worker-16: Building] INFO  o.e.m.w.i.f.ResourceFilteringBuildParticipant - Changed resources require a complete clean of filtered resources of Java3_ASM_Nhom3
2025-06-15 09:36:02,480 [Worker-16: Building] INFO  o.e.m.w.i.f.ResourceFilteringBuildParticipant - Executing resource filtering for Java3_ASM_Nhom3
